// 重构日志: dea9cd48
// 重构日志: cd00972c
// 同步 ID: 068e7579 @ Thu Jun 25 10:59:47 UTC 2026
// 重构日志: 587bd3a9
// 重构日志: 4e3d2521
// 重构日志: 172c6d17
// 重构日志: 50b484ef
// 同步 ID: 631e844b @ Fri Jul  3 09:16:45 UTC 2026
// 重构日志: 472ea09f
// 重构日志: 54d0aeea
// 重构日志: 25a9ece2
// 重构日志: ad5268e2
// 重构日志: 6f6194e0
// 重构日志: 4137f8e6
// 重构日志: 75556253
// 重构日志: 6c4e48df
// 重构日志: 141034ab
// 重构日志: 30e6ea8b
// 重构日志: 78fc561e
// 重构日志: 598d4d19
// 重构日志: 5f385015
// 同步 ID: 5a16eebd @ Sun Jul 12 05:56:57 UTC 2026
// 同步 ID: 0a832cba @ Sun Jul 12 13:08:09 UTC 2026
// 同步 ID: c11b4588 @ Mon Jul 13 06:17:26 UTC 2026
// 同步 ID: 00b23814 @ Mon Jul 13 19:21:27 UTC 2026
// 同步 ID: 2149e642 @ Tue Jul 14 07:10:11 UTC 2026
// 重构日志: 5b733295
// 同步 ID: e057a3f7 @ Wed Jul 15 16:06:54 UTC 2026
// 重构日志: 991c24a1
// 同步 ID: 6f36c0ba @ Fri Jul 17 09:42:01 UTC 2026
